# JRE version: OpenJDK Runtime Environment Temurin-17.0.9+9 (17.0.9+9) (build 17.0.9+9)
# Java VM: OpenJDK 64-Bit Server VM Temurin-17.0.9+9 (17.0.9+9, mixed mode, tiered, compressed oops, compressed class ptrs, parallel gc, windows-amd64)
GC Precious Log:
 CPUs: 16 total, 16 available
 Memory: 15613M
 Large Page Support: Disabled
 NUMA Support: Disabled
 Compressed Oops: Enabled (32-bit)
 Alignments: Space 512K, Generation 512K, Heap 2M
 Heap Min Capacity: 100M
 Heap Initial Capacity: 100M
 Heap Max Capacity: 1G
 Pre-touch: Disabled
 Parallel Workers: 13
Heap:
 PSYoungGen      total 23552K, used 15904K [0x00000000eab00000, 0x00000000ec600000, 0x0000000100000000)
  eden space 22016K, 69% used [0x00000000eab00000,0x00000000eb9d8080,0x00000000ec080000)
  from space 1536K, 45% used [0x00000000ec380000,0x00000000ec430000,0x00000000ec500000)
  to   space 1024K, 0% used [0x00000000ec500000,0x00000000ec500000,0x00000000ec600000)
 ParOldGen       total 68608K, used 15341K [0x00000000c0000000, 0x00000000c4300000, 0x00000000eab00000)
  object space 68608K, 22% used [0x00000000c0000000,0x00000000c0efb730,0x00000000c4300000)
 Metaspace       used 44534K, committed 45376K, reserved 1114112K
  class space    used 4702K, committed 5056K, reserved 1048576K
GC Heap History (20 events):
Event: 1.275 GC heap before
{Heap before GC invocations=6 (full 1):
 PSYoungGen      total 29696K, used 4093K [0x00000000eab00000, 0x00000000ece00000, 0x0000000100000000)
  eden space 25600K, 0% used [0x00000000eab00000,0x00000000eab00000,0x00000000ec400000)
  from space 4096K, 99% used [0x00000000ec400000,0x00000000ec7ff648,0x00000000ec800000)
  to   space 5120K, 0% used [0x00000000ec900000,0x00000000ec900000,0x00000000ece00000)
 ParOldGen       total 68608K, used 6641K [0x00000000c0000000, 0x00000000c4300000, 0x00000000eab00000)
  object space 68608K, 9% used [0x00000000c0000000,0x00000000c067c780,0x00000000c4300000)
 Metaspace       used 21048K, committed 21504K, reserved 1114112K
  class space    used 2129K, committed 2304K, reserved 1048576K
}
Event: 1.288 GC heap after
{Heap after GC invocations=6 (full 1):
 PSYoungGen      total 29696K, used 0K [0x00000000eab00000, 0x00000000ece00000, 0x0000000100000000)
  eden space 25600K, 0% used [0x00000000eab00000,0x00000000eab00000,0x00000000ec400000)
  from space 4096K, 0% used [0x00000000ec400000,0x00000000ec400000,0x00000000ec800000)
  to   space 5120K, 0% used [0x00000000ec900000,0x00000000ec900000,0x00000000ece00000)
 ParOldGen       total 68608K, used 10353K [0x00000000c0000000, 0x00000000c4300000, 0x00000000eab00000)
  object space 68608K, 15% used [0x00000000c0000000,0x00000000c0a1c708,0x00000000c4300000)
 Metaspace       used 21048K, committed 21504K, reserved 1114112K
  class space    used 2129K, committed 2304K, reserved 1048576K
}
Event: 1.513 GC heap before
{Heap before GC invocations=7 (full 1):
 PSYoungGen      total 29696K, used 25600K [0x00000000eab00000, 0x00000000ece00000, 0x0000000100000000)
  eden space 25600K, 100% used [0x00000000eab00000,0x00000000ec400000,0x00000000ec400000)
  from space 4096K, 0% used [0x00000000ec400000,0x00000000ec400000,0x00000000ec800000)
  to   space 5120K, 0% used [0x00000000ec900000,0x00000000ec900000,0x00000000ece00000)
 ParOldGen       total 68608K, used 10353K [0x00000000c0000000, 0x00000000c4300000, 0x00000000eab00000)
  object space 68608K, 15% used [0x00000000c0000000,0x00000000c0a1c708,0x00000000c4300000)
 Metaspace       used 24378K, committed 25024K, reserved 1114112K
  class space    used 2475K, committed 2752K, reserved 1048576K
}
Event: 1.515 GC heap after
{Heap after GC invocations=7 (full 1):
 PSYoungGen      total 26112K, used 983K [0x00000000eab00000, 0x00000000eca00000, 0x0000000100000000)
  eden space 25088K, 0% used [0x00000000eab00000,0x00000000eab00000,0x00000000ec380000)
  from space 1024K, 95% used [0x00000000ec900000,0x00000000ec9f5c18,0x00000000eca00000)
  to   space 2560K, 0% used [0x00000000ec500000,0x00000000ec500000,0x00000000ec780000)
 ParOldGen       total 68608K, used 10361K [0x00000000c0000000, 0x00000000c4300000, 0x00000000eab00000)
  object space 68608K, 15% used [0x00000000c0000000,0x00000000c0a1e708,0x00000000c4300000)
 Metaspace       used 24378K, committed 25024K, reserved 1114112K
  class space    used 2475K, committed 2752K, reserved 1048576K
}
Event: 1.657 GC heap before
{Heap before GC invocations=8 (full 1):
 PSYoungGen      total 26112K, used 25887K [0x00000000eab00000, 0x00000000eca00000, 0x0000000100000000)
  eden space 25088K, 99% used [0x00000000eab00000,0x00000000ec352178,0x00000000ec380000)
  from space 1024K, 95% used [0x00000000ec900000,0x00000000ec9f5c18,0x00000000eca00000)
  to   space 2560K, 0% used [0x00000000ec500000,0x00000000ec500000,0x00000000ec780000)
 ParOldGen       total 68608K, used 10361K [0x00000000c0000000, 0x00000000c4300000, 0x00000000eab00000)
  object space 68608K, 15% used [0x00000000c0000000,0x00000000c0a1e708,0x00000000c4300000)
 Metaspace       used 27590K, committed 28160K, reserved 1114112K
  class space    used 2806K, committed 3008K, reserved 1048576K
}
Event: 1.658 GC heap after
{Heap after GC invocations=8 (full 1):
 PSYoungGen      total 27136K, used 2532K [0x00000000eab00000, 0x00000000eca00000, 0x0000000100000000)
  eden space 24576K, 0% used [0x00000000eab00000,0x00000000eab00000,0x00000000ec300000)
  from space 2560K, 98% used [0x00000000ec500000,0x00000000ec779128,0x00000000ec780000)
  to   space 2560K, 0% used [0x00000000ec780000,0x00000000ec780000,0x00000000eca00000)
 ParOldGen       total 68608K, used 10817K [0x00000000c0000000, 0x00000000c4300000, 0x00000000eab00000)
  object space 68608K, 15% used [0x00000000c0000000,0x00000000c0a90718,0x00000000c4300000)
 Metaspace       used 27590K, committed 28160K, reserved 1114112K
  class space    used 2806K, committed 3008K, reserved 1048576K
}
Event: 1.739 GC heap before
{Heap before GC invocations=9 (full 1):
 PSYoungGen      total 27136K, used 27108K [0x00000000eab00000, 0x00000000eca00000, 0x0000000100000000)
  eden space 24576K, 100% used [0x00000000eab00000,0x00000000ec300000,0x00000000ec300000)
  from space 2560K, 98% used [0x00000000ec500000,0x00000000ec779128,0x00000000ec780000)
  to   space 2560K, 0% used [0x00000000ec780000,0x00000000ec780000,0x00000000eca00000)
 ParOldGen       total 68608K, used 10817K [0x00000000c0000000, 0x00000000c4300000, 0x00000000eab00000)
  object space 68608K, 15% used [0x00000000c0000000,0x00000000c0a90718,0x00000000c4300000)
 Metaspace       used 30188K, committed 30848K, reserved 1114112K
  class space    used 2980K, committed 3264K, reserved 1048576K
}
Event: 1.739 GC heap after
{Heap after GC invocations=9 (full 1):
 PSYoungGen      total 26624K, used 2531K [0x00000000eab00000, 0x00000000eca00000, 0x0000000100000000)
  eden space 24064K, 0% used [0x00000000eab00000,0x00000000eab00000,0x00000000ec280000)
  from space 2560K, 98% used [0x00000000ec780000,0x00000000ec9f8f00,0x00000000eca00000)
  to   space 3072K, 0% used [0x00000000ec400000,0x00000000ec400000,0x00000000ec700000)
 ParOldGen       total 68608K, used 11069K [0x00000000c0000000, 0x00000000c4300000, 0x00000000eab00000)
  object space 68608K, 16% used [0x00000000c0000000,0x00000000c0acf728,0x00000000c4300000)
 Metaspace       used 30188K, committed 30848K, reserved 1114112K
  class space    used 2980K, committed 3264K, reserved 1048576K
}
Event: 1.849 GC heap before
{Heap before GC invocations=10 (full 1):
 PSYoungGen      total 26624K, used 26595K [0x00000000eab00000, 0x00000000eca00000, 0x0000000100000000)
  eden space 24064K, 100% used [0x00000000eab00000,0x00000000ec280000,0x00000000ec280000)
  from space 2560K, 98% used [0x00000000ec780000,0x00000000ec9f8f00,0x00000000eca00000)
  to   space 3072K, 0% used [0x00000000ec400000,0x00000000ec400000,0x00000000ec700000)
 ParOldGen       total 68608K, used 11069K [0x00000000c0000000, 0x00000000c4300000, 0x00000000eab00000)
  object space 68608K, 16% used [0x00000000c0000000,0x00000000c0acf728,0x00000000c4300000)
 Metaspace       used 32512K, committed 33152K, reserved 1114112K
  class space    used 3159K, committed 3392K, reserved 1048576K
}
Event: 1.850 GC heap after
{Heap after GC invocations=10 (full 1):
 PSYoungGen      total 26112K, used 2452K [0x00000000eab00000, 0x00000000ec800000, 0x0000000100000000)
  eden space 23552K, 0% used [0x00000000eab00000,0x00000000eab00000,0x00000000ec200000)
  from space 2560K, 95% used [0x00000000ec400000,0x00000000ec6653d0,0x00000000ec680000)
  to   space 1536K, 0% used [0x00000000ec680000,0x00000000ec680000,0x00000000ec800000)
 ParOldGen       total 68608K, used 11671K [0x00000000c0000000, 0x00000000c4300000, 0x00000000eab00000)
  object space 68608K, 17% used [0x00000000c0000000,0x00000000c0b65f98,0x00000000c4300000)
 Metaspace       used 32512K, committed 33152K, reserved 1114112K
  class space    used 3159K, committed 3392K, reserved 1048576K
}
Event: 2.033 GC heap before
{Heap before GC invocations=11 (full 1):
 PSYoungGen      total 26112K, used 17355K [0x00000000eab00000, 0x00000000ec800000, 0x0000000100000000)
  eden space 23552K, 63% used [0x00000000eab00000,0x00000000eb98dbb0,0x00000000ec200000)
  from space 2560K, 95% used [0x00000000ec400000,0x00000000ec6653d0,0x00000000ec680000)
  to   space 1536K, 0% used [0x00000000ec680000,0x00000000ec680000,0x00000000ec800000)
 ParOldGen       total 68608K, used 11671K [0x00000000c0000000, 0x00000000c4300000, 0x00000000eab00000)
  object space 68608K, 17% used [0x00000000c0000000,0x00000000c0b65f98,0x00000000c4300000)
 Metaspace       used 35165K, committed 35840K, reserved 1114112K
  class space    used 3465K, committed 3776K, reserved 1048576K
}
Event: 2.035 GC heap after
{Heap after GC invocations=11 (full 1):
 PSYoungGen      total 25088K, used 1524K [0x00000000eab00000, 0x00000000ec800000, 0x0000000100000000)
  eden space 23552K, 0% used [0x00000000eab00000,0x00000000eab00000,0x00000000ec200000)
  from space 1536K, 99% used [0x00000000ec680000,0x00000000ec7fd0f0,0x00000000ec800000)
  to   space 2048K, 0% used [0x00000000ec400000,0x00000000ec400000,0x00000000ec600000)
 ParOldGen       total 68608K, used 13545K [0x00000000c0000000, 0x00000000c4300000, 0x00000000eab00000)
  object space 68608K, 19% used [0x00000000c0000000,0x00000000c0d3a6e8,0x00000000c4300000)
 Metaspace       used 35165K, committed 35840K, reserved 1114112K
  class space    used 3465K, committed 3776K, reserved 1048576K
}
Event: 2.035 GC heap before
{Heap before GC invocations=12 (full 2):
 PSYoungGen      total 25088K, used 1524K [0x00000000eab00000, 0x00000000ec800000, 0x0000000100000000)
  eden space 23552K, 0% used [0x00000000eab00000,0x00000000eab00000,0x00000000ec200000)
  from space 1536K, 99% used [0x00000000ec680000,0x00000000ec7fd0f0,0x00000000ec800000)
  to   space 2048K, 0% used [0x00000000ec400000,0x00000000ec400000,0x00000000ec600000)
 ParOldGen       total 68608K, used 13545K [0x00000000c0000000, 0x00000000c4300000, 0x00000000eab00000)
  object space 68608K, 19% used [0x00000000c0000000,0x00000000c0d3a6e8,0x00000000c4300000)
 Metaspace       used 35165K, committed 35840K, reserved 1114112K
  class space    used 3465K, committed 3776K, reserved 1048576K
}
Event: 2.051 GC heap after
{Heap after GC invocations=12 (full 2):
 PSYoungGen      total 25088K, used 0K [0x00000000eab00000, 0x00000000ec800000, 0x0000000100000000)
  eden space 23552K, 0% used [0x00000000eab00000,0x00000000eab00000,0x00000000ec200000)
  from space 1536K, 0% used [0x00000000ec680000,0x00000000ec680000,0x00000000ec800000)
  to   space 2048K, 0% used [0x00000000ec400000,0x00000000ec400000,0x00000000ec600000)
 ParOldGen       total 68608K, used 13385K [0x00000000c0000000, 0x00000000c4300000, 0x00000000eab00000)
  object space 68608K, 19% used [0x00000000c0000000,0x00000000c0d12700,0x00000000c4300000)
 Metaspace       used 35152K, committed 35840K, reserved 1114112K
  class space    used 3462K, committed 3776K, reserved 1048576K
}
Event: 2.262 GC heap before
{Heap before GC invocations=13 (full 2):
 PSYoungGen      total 25088K, used 23552K [0x00000000eab00000, 0x00000000ec800000, 0x0000000100000000)
  eden space 23552K, 100% used [0x00000000eab00000,0x00000000ec200000,0x00000000ec200000)
  from space 1536K, 0% used [0x00000000ec680000,0x00000000ec680000,0x00000000ec800000)
  to   space 2048K, 0% used [0x00000000ec400000,0x00000000ec400000,0x00000000ec600000)
 ParOldGen       total 68608K, used 13385K [0x00000000c0000000, 0x00000000c4300000, 0x00000000eab00000)
  object space 68608K, 19% used [0x00000000c0000000,0x00000000c0d12700,0x00000000c4300000)
 Metaspace       used 38281K, committed 39104K, reserved 1114112K
  class space    used 3866K, committed 4224K, reserved 1048576K
}
Event: 2.263 GC heap after
{Heap after GC invocations=13 (full 2):
 PSYoungGen      total 24576K, used 1497K [0x00000000eab00000, 0x00000000ec700000, 0x0000000100000000)
  eden space 23040K, 0% used [0x00000000eab00000,0x00000000eab00000,0x00000000ec180000)
  from space 1536K, 97% used [0x00000000ec400000,0x00000000ec5765f8,0x00000000ec580000)
  to   space 1536K, 0% used [0x00000000ec580000,0x00000000ec580000,0x00000000ec700000)
 ParOldGen       total 68608K, used 13393K [0x00000000c0000000, 0x00000000c4300000, 0x00000000eab00000)
  object space 68608K, 19% used [0x00000000c0000000,0x00000000c0d14700,0x00000000c4300000)
 Metaspace       used 38281K, committed 39104K, reserved 1114112K
  class space    used 3866K, committed 4224K, reserved 1048576K
}
Event: 2.530 GC heap before
{Heap before GC invocations=14 (full 2):
 PSYoungGen      total 24576K, used 24537K [0x00000000eab00000, 0x00000000ec700000, 0x0000000100000000)
  eden space 23040K, 100% used [0x00000000eab00000,0x00000000ec180000,0x00000000ec180000)
  from space 1536K, 97% used [0x00000000ec400000,0x00000000ec5765f8,0x00000000ec580000)
  to   space 1536K, 0% used [0x00000000ec580000,0x00000000ec580000,0x00000000ec700000)
 ParOldGen       total 68608K, used 13393K [0x00000000c0000000, 0x00000000c4300000, 0x00000000eab00000)
  object space 68608K, 19% used [0x00000000c0000000,0x00000000c0d14700,0x00000000c4300000)
 Metaspace       used 41290K, committed 42112K, reserved 1114112K
  class space    used 4268K, committed 4608K, reserved 1048576K
}
Event: 2.531 GC heap after
{Heap after GC invocations=14 (full 2):
 PSYoungGen      total 23552K, used 960K [0x00000000eab00000, 0x00000000ec680000, 0x0000000100000000)
  eden space 22528K, 0% used [0x00000000eab00000,0x00000000eab00000,0x00000000ec100000)
  from space 1024K, 93% used [0x00000000ec580000,0x00000000ec670000,0x00000000ec680000)
  to   space 1536K, 0% used [0x00000000ec380000,0x00000000ec380000,0x00000000ec500000)
 ParOldGen       total 68608K, used 14645K [0x00000000c0000000, 0x00000000c4300000, 0x00000000eab00000)
  object space 68608K, 21% used [0x00000000c0000000,0x00000000c0e4d730,0x00000000c4300000)
 Metaspace       used 41290K, committed 42112K, reserved 1114112K
  class space    used 4268K, committed 4608K, reserved 1048576K
}
Event: 2.718 GC heap before
{Heap before GC invocations=15 (full 2):
 PSYoungGen      total 23552K, used 23488K [0x00000000eab00000, 0x00000000ec680000, 0x0000000100000000)
  eden space 22528K, 100% used [0x00000000eab00000,0x00000000ec100000,0x00000000ec100000)
  from space 1024K, 93% used [0x00000000ec580000,0x00000000ec670000,0x00000000ec680000)
  to   space 1536K, 0% used [0x00000000ec380000,0x00000000ec380000,0x00000000ec500000)
 ParOldGen       total 68608K, used 14645K [0x00000000c0000000, 0x00000000c4300000, 0x00000000eab00000)
  object space 68608K, 21% used [0x00000000c0000000,0x00000000c0e4d730,0x00000000c4300000)
 Metaspace       used 42736K, committed 43520K, reserved 1114112K
  class space    used 4468K, committed 4800K, reserved 1048576K
}
Event: 2.719 GC heap after
{Heap after GC invocations=15 (full 2):
 PSYoungGen      total 23552K, used 704K [0x00000000eab00000, 0x00000000ec600000, 0x0000000100000000)
  eden space 22016K, 0% used [0x00000000eab00000,0x00000000eab00000,0x00000000ec080000)
  from space 1536K, 45% used [0x00000000ec380000,0x00000000ec430000,0x00000000ec500000)
  to   space 1024K, 0% used [0x00000000ec500000,0x00000000ec500000,0x00000000ec600000)
 ParOldGen       total 68608K, used 15341K [0x00000000c0000000, 0x00000000c4300000, 0x00000000eab00000)
  object space 68608K, 22% used [0x00000000c0000000,0x00000000c0efb730,0x00000000c4300000)
 Metaspace       used 42736K, committed 43520K, reserved 1114112K
  class space    used 4468K, committed 4800K, reserved 1048576K
}

